This is pdfTeX, Version 3.1415926-2.4-1.40.13 (TeX Live 2012/Mageia) (format=mex 2013.5.30)  5 MAR 2014 14:34
entering extended mode
 restricted \write18 enabled.
 %&-line parsing enabled.
**regiongrow_mex.cpp
(./regiongrow_mex.cpp
This is MeX  Version 1.05  18 XII 1993  (B. Jackowski & M. Ry\'cko)
! You can't use `macro parameter character #' in vertical mode.
l.1 #
     include "mex.h"
? 
! Interruption.
<to be read again> 
                   i
l.1 #i
      nclude "mex.h"
? ^^X
Type <return> to proceed, S to scroll future error messages,
R to run without stopping, Q to run quietly,
I to insert something, E to edit your file,
H for help, X to quit.
? 
! You can't use `macro parameter character #' in horizontal mode.
l.2 #
     include <math.h>
? ^^X
Type <return> to proceed, S to scroll future error messages,
R to run without stopping, Q to run quietly,
I to insert something, E to edit your file,
1 or ... or 9 to ignore the next 1 to 9 tokens of input,
H for help, X to quit.
? x
No pages of output.
